  CryptoFinancials.cpp
  jsoncpp.cpp
libcurl_a.lib(schannel.obj) : error LNK2001: unresolved external symbol __imp_CertOpenStore
libcurl_a.lib(schannel_verify.obj) : error LNK2001: unresolved external symbol __imp_CertOpenStore
libcurl_a.lib(schannel.obj) : error LNK2001: unresolved external symbol __imp_CertCloseStore
libcurl_a.lib(schannel_verify.obj) : error LNK2001: unresolved external symbol __imp_CertCloseStore
libcurl_a.lib(schannel.obj) : error LNK2001: unresolved external symbol __imp_CertEnumCertificatesInStore
libcurl_a.lib(schannel.obj) : error LNK2001: unresolved external symbol __imp_CertFindCertificateInStore
libcurl_a.lib(schannel.obj) : error LNK2001: unresolved external symbol __imp_CertFreeCertificateContext
libcurl_a.lib(schannel_verify.obj) : error LNK2001: unresolved external symbol __imp_CertFreeCertificateContext
libcurl_a.lib(schannel.obj) : error LNK2001: unresolved external symbol __imp_CryptStringToBinaryA
libcurl_a.lib(schannel.obj) : error LNK2001: unresolved external symbol __imp_PFXImportCertStore
libcurl_a.lib(schannel_verify.obj) : error LNK2001: unresolved external symbol __imp_CryptDecodeObjectEx
libcurl_a.lib(schannel_verify.obj) : error LNK2001: unresolved external symbol __imp_CertAddCertificateContextToStore
libcurl_a.lib(schannel_verify.obj) : error LNK2001: unresolved external symbol __imp_CertFindExtension
libcurl_a.lib(schannel_verify.obj) : error LNK2001: unresolved external symbol __imp_CertGetNameStringA
libcurl_a.lib(schannel_verify.obj) : error LNK2001: unresolved external symbol __imp_CryptQueryObject
libcurl_a.lib(schannel_verify.obj) : error LNK2001: unresolved external symbol __imp_CertCreateCertificateChainEngine
libcurl_a.lib(schannel_verify.obj) : error LNK2001: unresolved external symbol __imp_CertFreeCertificateChainEngine
libcurl_a.lib(schannel_verify.obj) : error LNK2001: unresolved external symbol __imp_CertGetCertificateChain
libcurl_a.lib(schannel_verify.obj) : error LNK2001: unresolved external symbol __imp_CertFreeCertificateChain
C:\Users\onatb\source\repos\CryptoFinancials\x64\Release\CryptoFinancials.exe : fatal error LNK1120: 16 unresolved externals
